<?xml version="1.0" encoding="utf-8" standalone="no"?>
<test-results xmlns:xsi="http://www.w3.org/2001/XMLSchema-instance" xsi:noNamespaceSchemaLocation="nunit_schema_2.5.xsd" name="Pester" total="17" errors="0" failures="0" not-run="0" inconclusive="0" ignored="0" skipped="0" invalid="0" date="2026-03-27" time="21:50:41">
  <environment machine-name="TADDSURFACE2024" user-domain="NORTHAMERICA" clr-version="9.0.14" platform="Microsoft Windows 11 Enterprise|C:\WINDOWS|\Device\Harddisk0\Partition3" os-version="10.0.26200" nunit-version="2.5.8.0" cwd="C:\Repos\NPSBox" user="tadd" />
  <culture-info current-culture="en-US" current-uiculture="en-US" />
  <test-suite type="TestFixture" name="Pester" executed="True" result="Success" success="True" time="3.97" asserts="0" description="Pester">
    <results>
      <test-suite type="TestFixture" name="C:\Repos\NPSBox\tests\Set-BoxToOneDriveItemPermission.Tests.ps1" executed="True" result="Success" success="True" time="3.97" asserts="0" description="C:\Repos\NPSBox\tests\Set-BoxToOneDriveItemPermission.Tests.ps1">
        <results>
          <test-suite type="TestFixture" name="Set-BoxToOneDriveItemPermission.ps1" executed="True" result="Success" success="True" time="3.7748" asserts="0" description="Set-BoxToOneDriveItemPermission.ps1">
            <results>
              <test-case description="fails unknown collaborator role values by default" name="Set-BoxToOneDriveItemPermission.ps1.fails unknown collaborator role values by default" time="0.2767" asserts="0" success="True" result="Success" executed="True" />
              <test-case description="allows unmapped role values only when AllowUnknownRole is used" name="Set-BoxToOneDriveItemPermission.ps1.allows unmapped role values only when AllowUnknownRole is used" time="0.1793" asserts="0" success="True" result="Success" executed="True" />
              <test-case description="deduplicates identical CSV rows before attempting permission updates" name="Set-BoxToOneDriveItemPermission.ps1.deduplicates identical CSV rows before attempting permission updates" time="0.1843" asserts="0" success="True" result="Success" executed="True" />
              <test-case description="builds path-aware encoded item URLs from Path plus Item Name" name="Set-BoxToOneDriveItemPermission.ps1.builds path-aware encoded item URLs from Path plus Item Name" time="0.1885" asserts="0" success="True" result="Success" executed="True" />
              <test-case description="does not disconnect reused connections that were not created by this run" name="Set-BoxToOneDriveItemPermission.ps1.does not disconnect reused connections that were not created by this run" time="0.115" asserts="0" success="True" result="Success" executed="True" />
              <test-case description="uses existing PNPConnection and processes items successfully" name="Set-BoxToOneDriveItemPermission.ps1.uses existing PNPConnection and processes items successfully" time="0.1275" asserts="0" success="True" result="Success" executed="True" />
              <test-case description="calls profile and identity-list wrapper functions in default library mode" name="Set-BoxToOneDriveItemPermission.ps1.calls profile and identity-list wrapper functions in default library mode" time="0.16" asserts="0" success="True" result="Success" executed="True" />
              <test-case description="logs extracted profile properties before resolving personal site URL" name="Set-BoxToOneDriveItemPermission.ps1.logs extracted profile properties before resolving personal site URL" time="0.1484" asserts="0" success="True" result="Success" executed="True" />
              <test-case description="calls list discovery and property-load wrappers in auto-discover mode" name="Set-BoxToOneDriveItemPermission.ps1.calls list discovery and property-load wrappers in auto-discover mode" time="0.138" asserts="0" success="True" result="Success" executed="True" />
              <test-case description="uses folder wrapper for folder items and still applies permissions" name="Set-BoxToOneDriveItemPermission.ps1.uses folder wrapper for folder items and still applies permissions" time="0.1495" asserts="0" success="True" result="Success" executed="True" />
              <test-case description="creates and disconnects both admin and personal connections when none exist" name="Set-BoxToOneDriveItemPermission.ps1.creates and disconnects both admin and personal connections when none exist" time="0.1591" asserts="0" success="True" result="Success" executed="True" />
              <test-case description="uses SharePointOnlineAdminUrl when creating the admin-scoped connection" name="Set-BoxToOneDriveItemPermission.ps1.uses SharePointOnlineAdminUrl when creating the admin-scoped connection" time="0.1647" asserts="0" success="True" result="Success" executed="True" />
              <test-case description="writes log lines through the logging helper during normal execution" name="Set-BoxToOneDriveItemPermission.ps1.writes log lines through the logging helper during normal execution" time="0.1771" asserts="0" success="True" result="Success" executed="True" />
              <test-case description="uses auto-discovered document library when AutoDiscoverDefaultLibrary is provided" name="Set-BoxToOneDriveItemPermission.ps1.uses auto-discovered document library when AutoDiscoverDefaultLibrary is provided" time="0.1802" asserts="0" success="True" result="Success" executed="True" />
              <test-case description="falls back to warning stream when log writes fail" name="Set-BoxToOneDriveItemPermission.ps1.falls back to warning stream when log writes fail" time="0.2171" asserts="0" success="True" result="Success" executed="True" />
              <test-case description="resolves personal site URL from PersonalSiteHostUrl and PersonalSpace when PersonalUrl is absent" name="Set-BoxToOneDriveItemPermission.ps1.resolves personal site URL from PersonalSiteHostUrl and PersonalSpace when PersonalUrl is absent" time="0.3283" asserts="0" success="True" result="Success" executed="True" />
              <test-case description="writes an error when personal site URL cannot be resolved from profile properties" name="Set-BoxToOneDriveItemPermission.ps1.writes an error when personal site URL cannot be resolved from profile properties" time="0.1916" asserts="0" success="True" result="Success" executed="True" />
            </results>
          </test-suite>
        </results>
      </test-suite>
    </results>
  </test-suite>
</test-results>